[2025-10-06T00:19:41.416+0000] {manager.py:470} INFO - Processing files using up to 2 processes at a time 
[2025-10-06T00:19:41.419+0000] {manager.py:471} INFO - Process each file at most once every 30 seconds
[2025-10-06T00:19:41.422+0000] {manager.py:472} INFO - Checking for new files in /opt/airflow/dags every 300 seconds
[2025-10-06T00:19:41.424+0000] {manager.py:737} INFO - Searching for files in /opt/airflow/dags
[2025-10-06T00:19:41.433+0000] {manager.py:740} INFO - There are 0 files in /opt/airflow/dags
[2025-10-06T00:20:27.314+0000] {manager.py:470} INFO - Processing files using up to 2 processes at a time 
[2025-10-06T00:20:27.317+0000] {manager.py:471} INFO - Process each file at most once every 30 seconds
[2025-10-06T00:20:27.320+0000] {manager.py:472} INFO - Checking for new files in /opt/airflow/dags every 300 seconds
[2025-10-06T00:20:27.322+0000] {manager.py:737} INFO - Searching for files in /opt/airflow/dags
[2025-10-06T00:20:27.330+0000] {manager.py:740} INFO - There are 0 files in /opt/airflow/dags
[2025-10-06T00:23:16.797+0000] {manager.py:470} INFO - Processing files using up to 2 processes at a time 
[2025-10-06T00:23:16.802+0000] {manager.py:471} INFO - Process each file at most once every 30 seconds
[2025-10-06T00:23:16.805+0000] {manager.py:472} INFO - Checking for new files in /opt/airflow/dags every 300 seconds
[2025-10-06T00:23:16.807+0000] {manager.py:737} INFO - Searching for files in /opt/airflow/dags
[2025-10-06T00:23:16.819+0000] {manager.py:740} INFO - There are 0 files in /opt/airflow/dags
[2025-10-06T00:23:55.279+0000] {manager.py:470} INFO - Processing files using up to 2 processes at a time 
[2025-10-06T00:23:55.281+0000] {manager.py:471} INFO - Process each file at most once every 30 seconds
[2025-10-06T00:23:55.285+0000] {manager.py:472} INFO - Checking for new files in /opt/airflow/dags every 300 seconds
[2025-10-06T00:23:55.287+0000] {manager.py:737} INFO - Searching for files in /opt/airflow/dags
[2025-10-06T00:23:55.298+0000] {manager.py:740} INFO - There are 0 files in /opt/airflow/dags
[2025-10-06T00:25:06.854+0000] {manager.py:470} INFO - Processing files using up to 2 processes at a time 
[2025-10-06T00:25:06.858+0000] {manager.py:471} INFO - Process each file at most once every 30 seconds
[2025-10-06T00:25:06.861+0000] {manager.py:472} INFO - Checking for new files in /opt/airflow/dags every 300 seconds
[2025-10-06T00:25:06.862+0000] {manager.py:737} INFO - Searching for files in /opt/airflow/dags
[2025-10-06T00:25:06.868+0000] {manager.py:740} INFO - There are 0 files in /opt/airflow/dags
[2025-10-06T00:25:50.668+0000] {manager.py:470} INFO - Processing files using up to 2 processes at a time 
[2025-10-06T00:25:50.672+0000] {manager.py:471} INFO - Process each file at most once every 30 seconds
[2025-10-06T00:25:50.675+0000] {manager.py:472} INFO - Checking for new files in /opt/airflow/dags every 300 seconds
[2025-10-06T00:25:50.678+0000] {manager.py:737} INFO - Searching for files in /opt/airflow/dags
[2025-10-06T00:25:50.687+0000] {manager.py:740} INFO - There are 0 files in /opt/airflow/dags
[2025-10-06T00:26:38.862+0000] {manager.py:470} INFO - Processing files using up to 2 processes at a time 
[2025-10-06T00:26:38.874+0000] {manager.py:471} INFO - Process each file at most once every 30 seconds
[2025-10-06T00:26:38.876+0000] {manager.py:472} INFO - Checking for new files in /opt/airflow/dags every 300 seconds
[2025-10-06T00:26:38.880+0000] {manager.py:737} INFO - Searching for files in /opt/airflow/dags
[2025-10-06T00:26:38.887+0000] {manager.py:740} INFO - There are 0 files in /opt/airflow/dags
[2025-10-06T00:27:26.414+0000] {manager.py:470} INFO - Processing files using up to 2 processes at a time 
[2025-10-06T00:27:26.422+0000] {manager.py:471} INFO - Process each file at most once every 30 seconds
[2025-10-06T00:27:26.424+0000] {manager.py:472} INFO - Checking for new files in /opt/airflow/dags every 300 seconds
[2025-10-06T00:27:26.426+0000] {manager.py:737} INFO - Searching for files in /opt/airflow/dags
[2025-10-06T00:27:26.432+0000] {manager.py:740} INFO - There are 0 files in /opt/airflow/dags
[2025-10-06T00:28:17.553+0000] {manager.py:470} INFO - Processing files using up to 2 processes at a time 
[2025-10-06T00:28:17.558+0000] {manager.py:471} INFO - Process each file at most once every 30 seconds
[2025-10-06T00:28:17.561+0000] {manager.py:472} INFO - Checking for new files in /opt/airflow/dags every 300 seconds
[2025-10-06T00:28:17.563+0000] {manager.py:737} INFO - Searching for files in /opt/airflow/dags
[2025-10-06T00:28:17.569+0000] {manager.py:740} INFO - There are 0 files in /opt/airflow/dags
[2025-10-06T00:29:33.489+0000] {manager.py:470} INFO - Processing files using up to 2 processes at a time 
[2025-10-06T00:29:33.495+0000] {manager.py:471} INFO - Process each file at most once every 30 seconds
[2025-10-06T00:29:33.498+0000] {manager.py:472} INFO - Checking for new files in /opt/airflow/dags every 300 seconds
[2025-10-06T00:29:33.500+0000] {manager.py:737} INFO - Searching for files in /opt/airflow/dags
[2025-10-06T00:29:33.507+0000] {manager.py:740} INFO - There are 0 files in /opt/airflow/dags
[2025-10-06T00:30:32.066+0000] {manager.py:470} INFO - Processing files using up to 2 processes at a time 
[2025-10-06T00:30:32.070+0000] {manager.py:471} INFO - Process each file at most once every 30 seconds
[2025-10-06T00:30:32.073+0000] {manager.py:472} INFO - Checking for new files in /opt/airflow/dags every 300 seconds
[2025-10-06T00:30:32.081+0000] {manager.py:737} INFO - Searching for files in /opt/airflow/dags
[2025-10-06T00:30:32.088+0000] {manager.py:740} INFO - There are 0 files in /opt/airflow/dags
[2025-10-06T00:31:26.959+0000] {manager.py:470} INFO - Processing files using up to 2 processes at a time 
[2025-10-06T00:31:26.964+0000] {manager.py:471} INFO - Process each file at most once every 30 seconds
[2025-10-06T00:31:26.969+0000] {manager.py:472} INFO - Checking for new files in /opt/airflow/dags every 300 seconds
[2025-10-06T00:31:26.971+0000] {manager.py:737} INFO - Searching for files in /opt/airflow/dags
[2025-10-06T00:31:26.982+0000] {manager.py:740} INFO - There are 0 files in /opt/airflow/dags
[2025-10-06T00:32:18.017+0000] {manager.py:470} INFO - Processing files using up to 2 processes at a time 
[2025-10-06T00:32:18.019+0000] {manager.py:471} INFO - Process each file at most once every 30 seconds
[2025-10-06T00:32:18.021+0000] {manager.py:472} INFO - Checking for new files in /opt/airflow/dags every 300 seconds
[2025-10-06T00:32:18.023+0000] {manager.py:737} INFO - Searching for files in /opt/airflow/dags
[2025-10-06T00:32:18.030+0000] {manager.py:740} INFO - There are 0 files in /opt/airflow/dags
[2025-10-06T00:33:07.931+0000] {manager.py:470} INFO - Processing files using up to 2 processes at a time 
[2025-10-06T00:33:07.933+0000] {manager.py:471} INFO - Process each file at most once every 30 seconds
[2025-10-06T00:33:07.934+0000] {manager.py:472} INFO - Checking for new files in /opt/airflow/dags every 300 seconds
[2025-10-06T00:33:07.936+0000] {manager.py:737} INFO - Searching for files in /opt/airflow/dags
[2025-10-06T00:33:07.941+0000] {manager.py:740} INFO - There are 0 files in /opt/airflow/dags
[2025-10-06T00:37:50.262+0000] {manager.py:470} INFO - Processing files using up to 2 processes at a time 
[2025-10-06T00:37:50.265+0000] {manager.py:471} INFO - Process each file at most once every 30 seconds
[2025-10-06T00:37:50.268+0000] {manager.py:472} INFO - Checking for new files in /opt/airflow/dags every 300 seconds
[2025-10-06T00:37:50.270+0000] {manager.py:737} INFO - Searching for files in /opt/airflow/dags
[2025-10-06T00:37:50.277+0000] {manager.py:740} INFO - There are 0 files in /opt/airflow/dags
[2025-10-06T00:38:53.459+0000] {manager.py:470} INFO - Processing files using up to 2 processes at a time 
[2025-10-06T00:38:53.462+0000] {manager.py:471} INFO - Process each file at most once every 30 seconds
[2025-10-06T00:38:53.465+0000] {manager.py:472} INFO - Checking for new files in /opt/airflow/dags every 300 seconds
[2025-10-06T00:38:53.467+0000] {manager.py:737} INFO - Searching for files in /opt/airflow/dags
[2025-10-06T00:38:53.477+0000] {manager.py:740} INFO - There are 0 files in /opt/airflow/dags
[2025-10-06T06:08:51.060+0000] {manager.py:470} INFO - Processing files using up to 2 processes at a time 
[2025-10-06T06:08:51.062+0000] {manager.py:471} INFO - Process each file at most once every 30 seconds
[2025-10-06T06:08:51.063+0000] {manager.py:472} INFO - Checking for new files in /opt/airflow/dags every 300 seconds
[2025-10-06T06:08:51.065+0000] {manager.py:737} INFO - Searching for files in /opt/airflow/dags
[2025-10-06T06:08:51.076+0000] {manager.py:740} INFO - There are 0 files in /opt/airflow/dags
[2025-10-06T06:13:51.776+0000] {manager.py:737} INFO - Searching for files in /opt/airflow/dags
[2025-10-06T06:13:51.983+0000] {manager.py:740} INFO - There are 0 files in /opt/airflow/dags
[2025-10-06T06:18:52.445+0000] {manager.py:737} INFO - Searching for files in /opt/airflow/dags
[2025-10-06T06:18:52.549+0000] {manager.py:740} INFO - There are 1 files in /opt/airflow/dags
[2025-10-06T06:18:54.837+0000] {manager.py:878} INFO - 
================================================================================
DAG File Processing Stats

File Path                       PID  Runtime      # DAGs    # Errors  Last Runtime    Last Run
----------------------------  -----  ---------  --------  ----------  --------------  ----------
/opt/airflow/dags/airflow.py    215  2.06s             0           0
================================================================================
[2025-10-06T06:19:25.018+0000] {manager.py:878} INFO - 
================================================================================
DAG File Processing Stats

File Path                     PID    Runtime      # DAGs    # Errors  Last Runtime    Last Run
----------------------------  -----  ---------  --------  ----------  --------------  -------------------
/opt/airflow/dags/airflow.py                           1           0  8.20s           2025-10-06T06:19:00
================================================================================
[2025-10-06T06:19:55.338+0000] {manager.py:878} INFO - 
================================================================================
DAG File Processing Stats

File Path                     PID    Runtime      # DAGs    # Errors  Last Runtime    Last Run
----------------------------  -----  ---------  --------  ----------  --------------  -------------------
/opt/airflow/dags/airflow.py                           1           0  2.38s           2025-10-06T06:19:33
================================================================================
[2025-10-06T06:20:25.520+0000] {manager.py:878} INFO - 
================================================================================
DAG File Processing Stats

File Path                     PID    Runtime      # DAGs    # Errors  Last Runtime    Last Run
----------------------------  -----  ---------  --------  ----------  --------------  -------------------
/opt/airflow/dags/airflow.py                           1           0  1.89s           2025-10-06T06:20:05
================================================================================
[2025-10-06T06:20:55.760+0000] {manager.py:878} INFO - 
================================================================================
DAG File Processing Stats

File Path                     PID    Runtime      # DAGs    # Errors  Last Runtime    Last Run
----------------------------  -----  ---------  --------  ----------  --------------  -------------------
/opt/airflow/dags/airflow.py                           1           0  1.48s           2025-10-06T06:20:37
================================================================================
[2025-10-06T06:21:26.359+0000] {manager.py:878} INFO - 
================================================================================
DAG File Processing Stats

File Path                     PID    Runtime      # DAGs    # Errors  Last Runtime    Last Run
----------------------------  -----  ---------  --------  ----------  --------------  -------------------
/opt/airflow/dags/airflow.py                           1           0  1.25s           2025-10-06T06:21:08
================================================================================
[2025-10-06T06:21:56.743+0000] {manager.py:878} INFO - 
================================================================================
DAG File Processing Stats

File Path                     PID    Runtime      # DAGs    # Errors  Last Runtime    Last Run
----------------------------  -----  ---------  --------  ----------  --------------  -------------------
/opt/airflow/dags/airflow.py                           1           0  1.37s           2025-10-06T06:21:40
================================================================================
[2025-10-06T06:22:27.297+0000] {manager.py:878} INFO - 
================================================================================
DAG File Processing Stats

File Path                     PID    Runtime      # DAGs    # Errors  Last Runtime    Last Run
----------------------------  -----  ---------  --------  ----------  --------------  -------------------
/opt/airflow/dags/airflow.py                           1           0  1.39s           2025-10-06T06:22:11
================================================================================
[2025-10-06T06:22:57.844+0000] {manager.py:878} INFO - 
================================================================================
DAG File Processing Stats

File Path                     PID    Runtime      # DAGs    # Errors  Last Runtime    Last Run
----------------------------  -----  ---------  --------  ----------  --------------  -------------------
/opt/airflow/dags/airflow.py                           1           0  2.06s           2025-10-06T06:22:43
================================================================================
[2025-10-06T06:23:27.868+0000] {manager.py:878} INFO - 
================================================================================
DAG File Processing Stats

File Path                     PID    Runtime      # DAGs    # Errors  Last Runtime    Last Run
----------------------------  -----  ---------  --------  ----------  --------------  -------------------
/opt/airflow/dags/airflow.py                           1           0  1.85s           2025-10-06T06:23:15
================================================================================
[2025-10-06T06:23:52.461+0000] {manager.py:737} INFO - Searching for files in /opt/airflow/dags
[2025-10-06T06:23:52.624+0000] {manager.py:740} INFO - There are 1 files in /opt/airflow/dags
[2025-10-06T06:23:58.189+0000] {manager.py:878} INFO - 
================================================================================
DAG File Processing Stats

File Path                     PID    Runtime      # DAGs    # Errors  Last Runtime    Last Run
----------------------------  -----  ---------  --------  ----------  --------------  -------------------
/opt/airflow/dags/airflow.py                           1           0  1.44s           2025-10-06T06:23:47
================================================================================
[2025-10-06T06:24:28.400+0000] {manager.py:878} INFO - 
================================================================================
DAG File Processing Stats

File Path                     PID    Runtime      # DAGs    # Errors  Last Runtime    Last Run
----------------------------  -----  ---------  --------  ----------  --------------  -------------------
/opt/airflow/dags/airflow.py                           1           0  1.97s           2025-10-06T06:24:19
================================================================================
[2025-10-06T06:24:58.653+0000] {manager.py:878} INFO - 
================================================================================
DAG File Processing Stats

File Path                     PID    Runtime      # DAGs    # Errors  Last Runtime    Last Run
----------------------------  -----  ---------  --------  ----------  --------------  -------------------
/opt/airflow/dags/airflow.py                           1           0  2.03s           2025-10-06T06:24:51
================================================================================
[2025-10-06T06:25:28.853+0000] {manager.py:878} INFO - 
================================================================================
DAG File Processing Stats

File Path                     PID    Runtime      # DAGs    # Errors  Last Runtime    Last Run
----------------------------  -----  ---------  --------  ----------  --------------  -------------------
/opt/airflow/dags/airflow.py                           1           0  1.74s           2025-10-06T06:25:23
================================================================================
[2025-10-06T06:25:59.098+0000] {manager.py:878} INFO - 
================================================================================
DAG File Processing Stats

File Path                     PID    Runtime      # DAGs    # Errors  Last Runtime    Last Run
----------------------------  -----  ---------  --------  ----------  --------------  -------------------
/opt/airflow/dags/airflow.py                           1           0  1.76s           2025-10-06T06:25:55
================================================================================
[2025-10-06T06:26:29.148+0000] {manager.py:878} INFO - 
================================================================================
DAG File Processing Stats

File Path                     PID    Runtime      # DAGs    # Errors  Last Runtime    Last Run
----------------------------  -----  ---------  --------  ----------  --------------  -------------------
/opt/airflow/dags/airflow.py                           1           0  1.17s           2025-10-06T06:26:27
================================================================================
[2025-10-06T06:26:59.289+0000] {manager.py:878} INFO - 
================================================================================
DAG File Processing Stats

File Path                     PID    Runtime      # DAGs    # Errors  Last Runtime    Last Run
----------------------------  -----  ---------  --------  ----------  --------------  -------------------
/opt/airflow/dags/airflow.py                           1           0  1.29s           2025-10-06T06:26:58
================================================================================
[2025-10-06T06:27:29.483+0000] {manager.py:878} INFO - 
================================================================================
DAG File Processing Stats

File Path                       PID  Runtime      # DAGs    # Errors  Last Runtime    Last Run
----------------------------  -----  ---------  --------  ----------  --------------  -------------------
/opt/airflow/dags/airflow.py    526  1.01s             1           0  1.29s           2025-10-06T06:26:58
================================================================================
[2025-10-06T06:27:59.551+0000] {manager.py:878} INFO - 
================================================================================
DAG File Processing Stats

File Path                     PID    Runtime      # DAGs    # Errors  Last Runtime    Last Run
----------------------------  -----  ---------  --------  ----------  --------------  -------------------
/opt/airflow/dags/airflow.py                           1           0  1.90s           2025-10-06T06:27:30
================================================================================
[2025-10-06T06:28:29.929+0000] {manager.py:878} INFO - 
================================================================================
DAG File Processing Stats

File Path                     PID    Runtime      # DAGs    # Errors  Last Runtime    Last Run
----------------------------  -----  ---------  --------  ----------  --------------  -------------------
/opt/airflow/dags/airflow.py                           1           0  1.75s           2025-10-06T06:28:02
================================================================================
[2025-10-06T06:28:52.636+0000] {manager.py:737} INFO - Searching for files in /opt/airflow/dags
[2025-10-06T06:28:52.740+0000] {manager.py:740} INFO - There are 1 files in /opt/airflow/dags
[2025-10-06T06:29:00.085+0000] {manager.py:878} INFO - 
================================================================================
DAG File Processing Stats

File Path                     PID    Runtime      # DAGs    # Errors  Last Runtime    Last Run
----------------------------  -----  ---------  --------  ----------  --------------  -------------------
/opt/airflow/dags/airflow.py                           1           0  1.45s           2025-10-06T06:28:33
================================================================================
[2025-10-06T06:29:30.979+0000] {manager.py:878} INFO - 
================================================================================
DAG File Processing Stats

File Path                     PID    Runtime      # DAGs    # Errors  Last Runtime    Last Run
----------------------------  -----  ---------  --------  ----------  --------------  -------------------
/opt/airflow/dags/airflow.py                           1           0  1.76s           2025-10-06T06:29:05
================================================================================
[2025-10-06T06:30:01.162+0000] {manager.py:878} INFO - 
================================================================================
DAG File Processing Stats

File Path                     PID    Runtime      # DAGs    # Errors  Last Runtime    Last Run
----------------------------  -----  ---------  --------  ----------  --------------  -------------------
/opt/airflow/dags/airflow.py                           1           0  1.49s           2025-10-06T06:29:37
================================================================================
[2025-10-06T06:30:31.261+0000] {manager.py:878} INFO - 
================================================================================
DAG File Processing Stats

File Path                     PID    Runtime      # DAGs    # Errors  Last Runtime    Last Run
----------------------------  -----  ---------  --------  ----------  --------------  -------------------
/opt/airflow/dags/airflow.py                           1           0  1.45s           2025-10-06T06:30:09
================================================================================
[2025-10-06T06:31:01.435+0000] {manager.py:878} INFO - 
================================================================================
DAG File Processing Stats

File Path                     PID    Runtime      # DAGs    # Errors  Last Runtime    Last Run
----------------------------  -----  ---------  --------  ----------  --------------  -------------------
/opt/airflow/dags/airflow.py                           1           0  1.34s           2025-10-06T06:30:40
================================================================================
[2025-10-06T06:31:31.945+0000] {manager.py:878} INFO - 
================================================================================
DAG File Processing Stats

File Path                     PID    Runtime      # DAGs    # Errors  Last Runtime    Last Run
----------------------------  -----  ---------  --------  ----------  --------------  -------------------
/opt/airflow/dags/airflow.py                           1           0  1.26s           2025-10-06T06:31:12
================================================================================
[2025-10-06T06:32:02.344+0000] {manager.py:878} INFO - 
================================================================================
DAG File Processing Stats

File Path                     PID    Runtime      # DAGs    # Errors  Last Runtime    Last Run
----------------------------  -----  ---------  --------  ----------  --------------  -------------------
/opt/airflow/dags/airflow.py                           1           0  1.44s           2025-10-06T06:31:43
================================================================================
[2025-10-06T06:32:32.545+0000] {manager.py:878} INFO - 
================================================================================
DAG File Processing Stats

File Path                     PID    Runtime      # DAGs    # Errors  Last Runtime    Last Run
----------------------------  -----  ---------  --------  ----------  --------------  -------------------
/opt/airflow/dags/airflow.py                           1           0  1.87s           2025-10-06T06:32:15
================================================================================
[2025-10-06T06:33:02.649+0000] {manager.py:878} INFO - 
================================================================================
DAG File Processing Stats

File Path                     PID    Runtime      # DAGs    # Errors  Last Runtime    Last Run
----------------------------  -----  ---------  --------  ----------  --------------  -------------------
/opt/airflow/dags/airflow.py                           1           0  4.55s           2025-10-06T06:32:50
================================================================================
[2025-10-06T06:33:33.321+0000] {manager.py:878} INFO - 
================================================================================
DAG File Processing Stats

File Path                     PID    Runtime      # DAGs    # Errors  Last Runtime    Last Run
----------------------------  -----  ---------  --------  ----------  --------------  -------------------
/opt/airflow/dags/airflow.py                           1           0  1.53s           2025-10-06T06:33:22
================================================================================
[2025-10-06T06:33:53.449+0000] {manager.py:737} INFO - Searching for files in /opt/airflow/dags
[2025-10-06T06:33:53.554+0000] {manager.py:740} INFO - There are 1 files in /opt/airflow/dags
[2025-10-06T06:34:03.629+0000] {manager.py:878} INFO - 
================================================================================
DAG File Processing Stats

File Path                     PID    Runtime      # DAGs    # Errors  Last Runtime    Last Run
----------------------------  -----  ---------  --------  ----------  --------------  -------------------
/opt/airflow/dags/airflow.py                           1           0  1.53s           2025-10-06T06:33:53
================================================================================
[2025-10-06T06:34:34.204+0000] {manager.py:878} INFO - 
================================================================================
DAG File Processing Stats

File Path                     PID    Runtime      # DAGs    # Errors  Last Runtime    Last Run
----------------------------  -----  ---------  --------  ----------  --------------  -------------------
/opt/airflow/dags/airflow.py                           1           0  2.40s           2025-10-06T06:34:26
================================================================================
[2025-10-06T06:35:04.760+0000] {manager.py:878} INFO - 
================================================================================
DAG File Processing Stats

File Path                     PID    Runtime      # DAGs    # Errors  Last Runtime    Last Run
----------------------------  -----  ---------  --------  ----------  --------------  -------------------
/opt/airflow/dags/airflow.py                           1           0  1.33s           2025-10-06T06:34:58
================================================================================
[2025-10-06T06:35:35.243+0000] {manager.py:878} INFO - 
================================================================================
DAG File Processing Stats

File Path                     PID    Runtime      # DAGs    # Errors  Last Runtime    Last Run
----------------------------  -----  ---------  --------  ----------  --------------  -------------------
/opt/airflow/dags/airflow.py                           1           0  1.37s           2025-10-06T06:35:29
================================================================================
[2025-10-06T06:36:05.793+0000] {manager.py:878} INFO - 
================================================================================
DAG File Processing Stats

File Path                     PID    Runtime      # DAGs    # Errors  Last Runtime    Last Run
----------------------------  -----  ---------  --------  ----------  --------------  -------------------
/opt/airflow/dags/airflow.py                           1           0  1.42s           2025-10-06T06:36:01
================================================================================
[2025-10-06T06:36:36.406+0000] {manager.py:878} INFO - 
================================================================================
DAG File Processing Stats

File Path                     PID    Runtime      # DAGs    # Errors  Last Runtime    Last Run
----------------------------  -----  ---------  --------  ----------  --------------  -------------------
/opt/airflow/dags/airflow.py                           1           0  2.03s           2025-10-06T06:36:33
================================================================================
[2025-10-06T06:37:06.460+0000] {manager.py:878} INFO - 
================================================================================
DAG File Processing Stats

File Path                     PID    Runtime      # DAGs    # Errors  Last Runtime    Last Run
----------------------------  -----  ---------  --------  ----------  --------------  -------------------
/opt/airflow/dags/airflow.py                           1           0  1.87s           2025-10-06T06:37:05
================================================================================
[2025-10-06T06:37:36.639+0000] {manager.py:878} INFO - 
================================================================================
DAG File Processing Stats

File Path                       PID  Runtime      # DAGs    # Errors  Last Runtime    Last Run
----------------------------  -----  ---------  --------  ----------  --------------  -------------------
/opt/airflow/dags/airflow.py    893  1.01s             1           0  1.87s           2025-10-06T06:37:05
================================================================================
[2025-10-06T06:38:06.919+0000] {manager.py:878} INFO - 
================================================================================
DAG File Processing Stats

File Path                     PID    Runtime      # DAGs    # Errors  Last Runtime    Last Run
----------------------------  -----  ---------  --------  ----------  --------------  -------------------
/opt/airflow/dags/airflow.py                           1           0  1.43s           2025-10-06T06:37:37
================================================================================
[2025-10-06T06:38:37.388+0000] {manager.py:878} INFO - 
================================================================================
DAG File Processing Stats

File Path                     PID    Runtime      # DAGs    # Errors  Last Runtime    Last Run
----------------------------  -----  ---------  --------  ----------  --------------  -------------------
/opt/airflow/dags/airflow.py                           1           0  1.48s           2025-10-06T06:38:08
================================================================================
[2025-10-06T06:38:53.954+0000] {manager.py:737} INFO - Searching for files in /opt/airflow/dags
[2025-10-06T06:38:54.055+0000] {manager.py:740} INFO - There are 1 files in /opt/airflow/dags
[2025-10-06T06:39:08.169+0000] {manager.py:878} INFO - 
================================================================================
DAG File Processing Stats

File Path                     PID    Runtime      # DAGs    # Errors  Last Runtime    Last Run
----------------------------  -----  ---------  --------  ----------  --------------  -------------------
/opt/airflow/dags/airflow.py                           1           0  1.32s           2025-10-06T06:38:40
================================================================================
[2025-10-06T06:39:38.513+0000] {manager.py:878} INFO - 
================================================================================
DAG File Processing Stats

File Path                     PID    Runtime      # DAGs    # Errors  Last Runtime    Last Run
----------------------------  -----  ---------  --------  ----------  --------------  -------------------
/opt/airflow/dags/airflow.py                           1           0  1.42s           2025-10-06T06:39:11
================================================================================
[2025-10-06T06:40:09.259+0000] {manager.py:878} INFO - 
================================================================================
DAG File Processing Stats

File Path                     PID    Runtime      # DAGs    # Errors  Last Runtime    Last Run
----------------------------  -----  ---------  --------  ----------  --------------  -------------------
/opt/airflow/dags/airflow.py                           1           0  1.38s           2025-10-06T06:39:43
================================================================================
[2025-10-06T06:40:39.619+0000] {manager.py:878} INFO - 
================================================================================
DAG File Processing Stats

File Path                     PID    Runtime      # DAGs    # Errors  Last Runtime    Last Run
----------------------------  -----  ---------  --------  ----------  --------------  -------------------
/opt/airflow/dags/airflow.py                           1           0  1.48s           2025-10-06T06:40:14
================================================================================
[2025-10-06T06:41:09.781+0000] {manager.py:878} INFO - 
================================================================================
DAG File Processing Stats

File Path                     PID    Runtime      # DAGs    # Errors  Last Runtime    Last Run
----------------------------  -----  ---------  --------  ----------  --------------  -------------------
/opt/airflow/dags/airflow.py                           1           0  1.73s           2025-10-06T06:40:46
================================================================================
[2025-10-06T06:41:40.179+0000] {manager.py:878} INFO - 
================================================================================
DAG File Processing Stats

File Path                     PID    Runtime      # DAGs    # Errors  Last Runtime    Last Run
----------------------------  -----  ---------  --------  ----------  --------------  -------------------
/opt/airflow/dags/airflow.py                           1           0  1.53s           2025-10-06T06:41:18
================================================================================
[2025-10-06T06:42:10.230+0000] {manager.py:878} INFO - 
================================================================================
DAG File Processing Stats

File Path                     PID    Runtime      # DAGs    # Errors  Last Runtime    Last Run
----------------------------  -----  ---------  --------  ----------  --------------  -------------------
/opt/airflow/dags/airflow.py                           1           0  1.38s           2025-10-06T06:41:50
================================================================================
[2025-10-06T06:42:40.418+0000] {manager.py:878} INFO - 
================================================================================
DAG File Processing Stats

File Path                     PID    Runtime      # DAGs    # Errors  Last Runtime    Last Run
----------------------------  -----  ---------  --------  ----------  --------------  -------------------
/opt/airflow/dags/airflow.py                           1           0  1.29s           2025-10-06T06:42:21
================================================================================
[2025-10-06T06:43:10.833+0000] {manager.py:878} INFO - 
================================================================================
DAG File Processing Stats

File Path                     PID    Runtime      # DAGs    # Errors  Last Runtime    Last Run
----------------------------  -----  ---------  --------  ----------  --------------  -------------------
/opt/airflow/dags/airflow.py                           1           0  1.36s           2025-10-06T06:42:53
================================================================================
[2025-10-06T06:43:41.366+0000] {manager.py:878} INFO - 
================================================================================
DAG File Processing Stats

File Path                     PID    Runtime      # DAGs    # Errors  Last Runtime    Last Run
----------------------------  -----  ---------  --------  ----------  --------------  -------------------
/opt/airflow/dags/airflow.py                           1           0  1.39s           2025-10-06T06:43:24
================================================================================
[2025-10-06T06:43:54.439+0000] {manager.py:737} INFO - Searching for files in /opt/airflow/dags
[2025-10-06T06:43:54.539+0000] {manager.py:740} INFO - There are 1 files in /opt/airflow/dags
[2025-10-06T06:44:11.653+0000] {manager.py:878} INFO - 
================================================================================
DAG File Processing Stats

File Path                     PID    Runtime      # DAGs    # Errors  Last Runtime    Last Run
----------------------------  -----  ---------  --------  ----------  --------------  -------------------
/opt/airflow/dags/airflow.py                           1           0  2.01s           2025-10-06T06:43:56
================================================================================
[2025-10-06T06:44:41.845+0000] {manager.py:878} INFO - 
================================================================================
DAG File Processing Stats

File Path                     PID    Runtime      # DAGs    # Errors  Last Runtime    Last Run
----------------------------  -----  ---------  --------  ----------  --------------  -------------------
/opt/airflow/dags/airflow.py                           1           0  1.81s           2025-10-06T06:44:28
================================================================================
[2025-10-06T06:45:12.253+0000] {manager.py:878} INFO - 
================================================================================
DAG File Processing Stats

File Path                     PID    Runtime      # DAGs    # Errors  Last Runtime    Last Run
----------------------------  -----  ---------  --------  ----------  --------------  -------------------
/opt/airflow/dags/airflow.py                           1           0  1.51s           2025-10-06T06:45:00
================================================================================
[2025-10-06T06:45:42.695+0000] {manager.py:878} INFO - 
================================================================================
DAG File Processing Stats

File Path                     PID    Runtime      # DAGs    # Errors  Last Runtime    Last Run
----------------------------  -----  ---------  --------  ----------  --------------  -------------------
/opt/airflow/dags/airflow.py                           1           0  1.36s           2025-10-06T06:45:31
================================================================================
[2025-10-06T06:46:13.198+0000] {manager.py:878} INFO - 
================================================================================
DAG File Processing Stats

File Path                     PID    Runtime      # DAGs    # Errors  Last Runtime    Last Run
----------------------------  -----  ---------  --------  ----------  --------------  -------------------
/opt/airflow/dags/airflow.py                           1           0  1.45s           2025-10-06T06:46:03
================================================================================
[2025-10-06T06:46:33.306+0000] {manager.py:1128} WARNING - Skipping processing of missing file: /opt/airflow/dags/airflow.py
[2025-10-06T06:48:54.886+0000] {manager.py:737} INFO - Searching for files in /opt/airflow/dags
[2025-10-06T06:48:54.894+0000] {manager.py:740} INFO - There are 0 files in /opt/airflow/dags
[2025-10-06T06:53:55.418+0000] {manager.py:737} INFO - Searching for files in /opt/airflow/dags
[2025-10-06T06:53:55.456+0000] {manager.py:740} INFO - There are 0 files in /opt/airflow/dags
